{"C:\\Users\\nyalamala\\Desktop\\sequelizeDemo\\index.js":{"path":"C:\\Users\\nyalamala\\Desktop\\sequelizeDemo\\index.js","s":{"1":1,"2":1,"3":1,"4":1,"5":1,"6":1,"7":1,"8":0,"9":1},"b":{},"f":{},"fnMap":{},"statementMap":{"1":{"start":{"line":1,"column":0},"end":{"line":1,"column":33}},"2":{"start":{"line":2,"column":0},"end":{"line":2,"column":48}},"3":{"start":{"line":4,"column":0},"end":{"line":4,"column":20}},"4":{"start":{"line":8,"column":0},"end":{"line":8,"column":24}},"5":{"start":{"line":9,"column":0},"end":{"line":9,"column":49}},"6":{"start":{"line":11,"column":0},"end":{"line":11,"column":32}},"7":{"start":{"line":23,"column":0},"end":{"line":25,"column":3}},"8":{"start":{"line":24,"column":2},"end":{"line":24,"column":42}},"9":{"start":{"line":27,"column":0},"end":{"line":27,"column":21}}},"branchMap":{}},"C:\\Users\\nyalamala\\Desktop\\sequelizeDemo\\routes\\userRouter.js":{"path":"C:\\Users\\nyalamala\\Desktop\\sequelizeDemo\\routes\\userRouter.js","s":{"1":1,"2":1,"3":1,"4":1,"5":1},"b":{},"f":{},"fnMap":{},"statementMap":{"1":{"start":{"line":1,"column":0},"end":{"line":1,"column":33}},"2":{"start":{"line":2,"column":0},"end":{"line":2,"column":50}},"3":{"start":{"line":4,"column":0},"end":{"line":4,"column":30}},"4":{"start":{"line":10,"column":0},"end":{"line":10,"column":43}},"5":{"start":{"line":16,"column":0},"end":{"line":16,"column":24}}},"branchMap":{}},"C:\\Users\\nyalamala\\Desktop\\sequelizeDemo\\config\\db.js":{"path":"C:\\Users\\nyalamala\\Desktop\\sequelizeDemo\\config\\db.js","s":{"1":1,"2":1,"3":1,"4":0,"5":0,"6":1},"b":{},"f":{},"fnMap":{},"statementMap":{"1":{"start":{"line":1,"column":0},"end":{"line":1,"column":39}},"2":{"start":{"line":3,"column":0},"end":{"line":12,"column":3}},"3":{"start":{"line":14,"column":0},"end":{"line":21,"column":5}},"4":{"start":{"line":17,"column":4},"end":{"line":17,"column":65}},"5":{"start":{"line":20,"column":4},"end":{"line":20,"column":61}},"6":{"start":{"line":24,"column":0},"end":{"line":24,"column":27}}},"branchMap":{}},"C:\\Users\\nyalamala\\Desktop\\sequelizeDemo\\models\\user_mockModel.js":{"path":"C:\\Users\\nyalamala\\Desktop\\sequelizeDemo\\models\\user_mockModel.js","s":{"1":1,"2":1,"3":1,"4":1},"b":{},"f":{},"fnMap":{},"statementMap":{"1":{"start":{"line":1,"column":0},"end":{"line":1,"column":46}},"2":{"start":{"line":2,"column":0},"end":{"line":2,"column":37}},"3":{"start":{"line":3,"column":0},"end":{"line":17,"column":2}},"4":{"start":{"line":19,"column":0},"end":{"line":21,"column":2}}},"branchMap":{}},"C:\\Users\\nyalamala\\Desktop\\sequelizeDemo\\models\\userOrdersModel.js":{"path":"C:\\Users\\nyalamala\\Desktop\\sequelizeDemo\\models\\userOrdersModel.js","s":{"1":1,"2":1,"3":1,"4":1},"b":{},"f":{},"fnMap":{},"statementMap":{"1":{"start":{"line":1,"column":0},"end":{"line":1,"column":39}},"2":{"start":{"line":2,"column":0},"end":{"line":2,"column":40}},"3":{"start":{"line":4,"column":0},"end":{"line":26,"column":3}},"4":{"start":{"line":28,"column":0},"end":{"line":30,"column":1}}},"branchMap":{}},"C:\\Users\\nyalamala\\Desktop\\sequelizeDemo\\models\\userAdressModel.js":{"path":"C:\\Users\\nyalamala\\Desktop\\sequelizeDemo\\models\\userAdressModel.js","s":{"1":1,"2":1,"3":1,"4":1},"b":{},"f":{},"fnMap":{},"statementMap":{"1":{"start":{"line":1,"column":0},"end":{"line":1,"column":39}},"2":{"start":{"line":2,"column":0},"end":{"line":2,"column":40}},"3":{"start":{"line":4,"column":0},"end":{"line":26,"column":3}},"4":{"start":{"line":29,"column":0},"end":{"line":31,"column":1}}},"branchMap":{}}}