TN:
SF:C:\Users\nyalamala\Desktop\sequelizeDemo\index.js
FNF:0
FNH:0
DA:1,1
DA:2,1
DA:4,1
DA:8,1
DA:9,1
DA:11,1
DA:23,1
DA:24,0
DA:27,1
LF:9
LH:8
BRF:0
BRH:0
end_of_record
TN:
SF:C:\Users\nyalamala\Desktop\sequelizeDemo\routes\userRouter.js
FNF:0
FNH:0
DA:1,1
DA:2,1
DA:4,1
DA:10,1
DA:16,1
LF:5
LH:5
BRF:0
BRH:0
end_of_record
TN:
SF:C:\Users\nyalamala\Desktop\sequelizeDemo\config\db.js
FNF:0
FNH:0
DA:1,1
DA:3,1
DA:14,1
DA:17,0
DA:20,0
DA:24,1
LF:6
LH:4
BRF:0
BRH:0
end_of_record
TN:
SF:C:\Users\nyalamala\Desktop\sequelizeDemo\models\user_mockModel.js
FNF:0
FNH:0
DA:1,1
DA:2,1
DA:3,1
DA:19,1
LF:4
LH:4
BRF:0
BRH:0
end_of_record
TN:
SF:C:\Users\nyalamala\Desktop\sequelizeDemo\models\userOrdersModel.js
FNF:0
FNH:0
DA:1,1
DA:2,1
DA:4,1
DA:28,1
LF:4
LH:4
BRF:0
BRH:0
end_of_record
TN:
SF:C:\Users\nyalamala\Desktop\sequelizeDemo\models\userAdressModel.js
FNF:0
FNH:0
DA:1,1
DA:2,1
DA:4,1
DA:29,1
LF:4
LH:4
BRF:0
BRH:0
end_of_record
